[2026-04-03T12:40:07.092+0000] {taskinstance.py:1956} INFO - Dependencies all met for dep_context=non-requeueable deps ti=<TaskInstance: iot_streaming_pipeline.log_metrics scheduled__2026-04-03T12:20:00+00:00 [queued]>
[2026-04-03T12:40:07.146+0000] {taskinstance.py:1956} INFO - Dependencies all met for dep_context=requeueable deps ti=<TaskInstance: iot_streaming_pipeline.log_metrics scheduled__2026-04-03T12:20:00+00:00 [queued]>
[2026-04-03T12:40:07.155+0000] {taskinstance.py:2170} INFO - Starting attempt 1 of 3
[2026-04-03T12:40:07.215+0000] {taskinstance.py:2191} INFO - Executing <Task(PythonOperator): log_metrics> on 2026-04-03 12:20:00+00:00
[2026-04-03T12:40:07.254+0000] {standard_task_runner.py:60} INFO - Started process 582 to run task
[2026-04-03T12:40:07.267+0000] {standard_task_runner.py:87} INFO - Running: ['***', 'tasks', 'run', 'iot_streaming_pipeline', 'log_metrics', 'scheduled__2026-04-03T12:20:00+00:00', '--job-id', '75', '--raw', '--subdir', 'DAGS_FOLDER/iot_pipeline_dag.py', '--cfg-path', '/tmp/tmpq90pl5es']
[2026-04-03T12:40:07.285+0000] {standard_task_runner.py:88} INFO - Job 75: Subtask log_metrics
[2026-04-03T12:40:07.620+0000] {task_command.py:423} INFO - Running <TaskInstance: iot_streaming_pipeline.log_metrics scheduled__2026-04-03T12:20:00+00:00 [running]> on host e1f63ebd2327
[2026-04-03T12:40:08.187+0000] {taskinstance.py:2480} INFO - Exporting env vars: AIRFLOW_CTX_DAG_OWNER='achyuth' AIRFLOW_CTX_DAG_ID='iot_streaming_pipeline' AIRFLOW_CTX_TASK_ID='log_metrics' AIRFLOW_CTX_EXECUTION_DATE='2026-04-03T12:20:00+00:00' AIRFLOW_CTX_TRY_NUMBER='1' AIRFLOW_CTX_DAG_RUN_ID='scheduled__2026-04-03T12:20:00+00:00'
[2026-04-03T12:40:19.497+0000] {connection.py:370} INFO - Snowflake Connector for Python Version: 3.6.0, Python Version: 3.11.8, Platform: Linux-6.6.87.2-microsoft-standard-WSL2-x86_64-with-glibc2.36
[2026-04-03T12:40:19.511+0000] {connection.py:1171} INFO - This connection is in OCSP Fail Open Mode. TLS Certificates would be checked for validity and revocation status. Any other Certificate Revocation related exceptions or OCSP Responder failures would be disregarded in favor of connectivity.
[2026-04-03T12:40:20.882+0000] {loader.py:50} INFO - ✅ Snowflake connection established
[2026-04-03T12:40:20.897+0000] {cursor.py:1028} INFO - query: [INSERT INTO PIPELINE_METRICS ( BATCH_ID, TOTAL_CONSUMED, TOTAL_VALID, TOTAL_REJE...]
[2026-04-03T12:40:21.367+0000] {cursor.py:1041} INFO - query execution done
[2026-04-03T12:40:21.369+0000] {cursor.py:1028} INFO - query: [COMMIT]
[2026-04-03T12:40:21.460+0000] {cursor.py:1041} INFO - query execution done
[2026-04-03T12:40:21.461+0000] {cursor.py:1205} INFO - Number of results in first chunk: 1
[2026-04-03T12:40:21.472+0000] {loader.py:232} INFO - 📊 Metrics logged — consumed: 500, valid: 92.2%, rejected: 7.8%
[2026-04-03T12:40:21.473+0000] {connection.py:718} INFO - closed
[2026-04-03T12:40:21.535+0000] {connection.py:724} INFO - No async queries seem to be running, deleting session
[2026-04-03T12:40:23.957+0000] {loader.py:56} INFO - Snowflake connection closed
[2026-04-03T12:40:24.118+0000] {iot_pipeline_dag.py:231} INFO - ✅ Metrics logged for batch 4617c68c...
[2026-04-03T12:40:24.151+0000] {python.py:201} INFO - Done. Returned value was: None
[2026-04-03T12:40:24.308+0000] {taskinstance.py:1138} INFO - Marking task as SUCCESS. dag_id=iot_streaming_pipeline, task_id=log_metrics, execution_date=20260403T122000, start_date=20260403T124007, end_date=20260403T124024
[2026-04-03T12:40:24.749+0000] {local_task_job_runner.py:234} INFO - Task exited with return code 0
[2026-04-03T12:40:25.000+0000] {taskinstance.py:3280} INFO - 0 downstream tasks scheduled from follow-on schedule check
