[2026-04-04T02:40:36.481+0000] {taskinstance.py:1956} INFO - Dependencies all met for dep_context=non-requeueable deps ti=<TaskInstance: iot_streaming_pipeline.health_check manual__2026-04-04T02:37:10.192312+00:00 [queued]>
[2026-04-04T02:40:36.529+0000] {taskinstance.py:1956} INFO - Dependencies all met for dep_context=requeueable deps ti=<TaskInstance: iot_streaming_pipeline.health_check manual__2026-04-04T02:37:10.192312+00:00 [queued]>
[2026-04-04T02:40:36.542+0000] {taskinstance.py:2170} INFO - Starting attempt 1 of 3
[2026-04-04T02:40:36.630+0000] {taskinstance.py:2191} INFO - Executing <Task(PythonOperator): health_check> on 2026-04-04 02:37:10.192312+00:00
[2026-04-04T02:40:36.658+0000] {standard_task_runner.py:60} INFO - Started process 2482 to run task
[2026-04-04T02:40:36.666+0000] {standard_task_runner.py:87} INFO - Running: ['***', 'tasks', 'run', 'iot_streaming_pipeline', 'health_check', 'manual__2026-04-04T02:37:10.192312+00:00', '--job-id', '97', '--raw', '--subdir', 'DAGS_FOLDER/iot_pipeline_dag.py', '--cfg-path', '/tmp/tmpfenlw8e2']
[2026-04-04T02:40:36.701+0000] {standard_task_runner.py:88} INFO - Job 97: Subtask health_check
[2026-04-04T02:40:37.059+0000] {task_command.py:423} INFO - Running <TaskInstance: iot_streaming_pipeline.health_check manual__2026-04-04T02:37:10.192312+00:00 [running]> on host e1f63ebd2327
[2026-04-04T02:40:37.515+0000] {taskinstance.py:2480} INFO - Exporting env vars: AIRFLOW_CTX_DAG_OWNER='achyuth' AIRFLOW_CTX_DAG_ID='iot_streaming_pipeline' AIRFLOW_CTX_TASK_ID='health_check' AIRFLOW_CTX_EXECUTION_DATE='2026-04-04T02:37:10.192312+00:00' AIRFLOW_CTX_TRY_NUMBER='1' AIRFLOW_CTX_DAG_RUN_ID='manual__2026-04-04T02:37:10.192312+00:00'
[2026-04-04T02:40:46.388+0000] {conn.py:400} INFO - <BrokerConnection client_id=kafka-python-2.3.0, node_id=bootstrap-0 host=kafka:29092 <connecting> [IPv4 ('172.18.0.3', 29092)]>: connecting to kafka:29092 [('172.18.0.3', 29092) IPv4]
[2026-04-04T02:40:47.585+0000] {client_async.py:794} WARNING - <BrokerConnection client_id=kafka-python-2.3.0, node_id=bootstrap-0 host=kafka:29092 <checking_api_versions_recv> [IPv4 ('172.18.0.3', 29092)]> timed out after 500.0 ms. Closing connection.
[2026-04-04T02:40:48.053+0000] {conn.py:951} ERROR - <BrokerConnection client_id=kafka-python-2.3.0, node_id=bootstrap-0 host=kafka:29092 <checking_api_versions_recv> [IPv4 ('172.18.0.3', 29092)]>: Closing connection. [Error 7] RequestTimedOutError: Request timed out after 500.0 ms
[2026-04-04T02:40:48.184+0000] {conn.py:400} INFO - <BrokerConnection client_id=kafka-python-2.3.0, node_id=bootstrap-0 host=kafka:29092 <connecting> [IPv4 ('172.18.0.3', 29092)]>: connecting to kafka:29092 [('172.18.0.3', 29092) IPv4]
[2026-04-04T02:40:48.389+0000] {connection.py:370} INFO - Snowflake Connector for Python Version: 3.6.0, Python Version: 3.11.8, Platform: Linux-6.6.87.2-microsoft-standard-WSL2-x86_64-with-glibc2.36
[2026-04-04T02:40:48.513+0000] {connection.py:1171} INFO - This connection is in OCSP Fail Open Mode. TLS Certificates would be checked for validity and revocation status. Any other Certificate Revocation related exceptions or OCSP Responder failures would be disregarded in favor of connectivity.
[2026-04-04T02:40:50.726+0000] {cursor.py:1028} INFO - query: [SELECT 1]
[2026-04-04T02:40:50.983+0000] {cursor.py:1041} INFO - query execution done
[2026-04-04T02:40:51.011+0000] {cursor.py:1205} INFO - Number of results in first chunk: 1
[2026-04-04T02:40:51.025+0000] {connection.py:718} INFO - closed
[2026-04-04T02:40:51.125+0000] {connection.py:724} INFO - No async queries seem to be running, deleting session
[2026-04-04T02:40:51.228+0000] {iot_pipeline_dag.py:85} INFO - ✅ Snowflake healthy
[2026-04-04T02:40:51.232+0000] {taskinstance.py:2698} ERROR - Task failed with exception
Traceback (most recent call last):
  File "/home/airflow/.local/lib/python3.11/site-packages/airflow/models/taskinstance.py", line 428, in _execute_task
    result = execute_callable(context=context, **execute_callable_kwargs)
             ^^^^^^^^^^^^^^^^^^^^^^^^^^^^^^^^^^^^^^^^^^^^^^^^^^^^^^^^^^^^
  File "/home/airflow/.local/lib/python3.11/site-packages/airflow/operators/python.py", line 199, in execute
    return_value = self.execute_callable()
                   ^^^^^^^^^^^^^^^^^^^^^^^
  File "/home/airflow/.local/lib/python3.11/site-packages/airflow/operators/python.py", line 216, in execute_callable
    return self.python_callable(*self.op_args, **self.op_kwargs)
           ^^^^^^^^^^^^^^^^^^^^^^^^^^^^^^^^^^^^^^^^^^^^^^^^^^^^^
  File "/opt/airflow/dags/iot_pipeline_dag.py", line 90, in health_check
    raise RuntimeError(f"Health check failed: {errors}")
RuntimeError: Health check failed: ['Kafka unreachable: NoBrokersAvailable']
[2026-04-04T02:40:51.535+0000] {taskinstance.py:1138} INFO - Marking task as UP_FOR_RETRY. dag_id=iot_streaming_pipeline, task_id=health_check, execution_date=20260404T023710, start_date=20260404T024036, end_date=20260404T024051
[2026-04-04T02:40:51.577+0000] {standard_task_runner.py:107} ERROR - Failed to execute job 97 for task health_check (Health check failed: ['Kafka unreachable: NoBrokersAvailable']; 2482)
[2026-04-04T02:40:51.737+0000] {local_task_job_runner.py:234} INFO - Task exited with return code 1
[2026-04-04T02:40:51.878+0000] {taskinstance.py:3280} INFO - 0 downstream tasks scheduled from follow-on schedule check
