[2026-04-03T12:41:48.752+0000] {taskinstance.py:1956} INFO - Dependencies all met for dep_context=non-requeueable deps ti=<TaskInstance: iot_streaming_pipeline.data_quality_report scheduled__2026-04-03T12:35:00+00:00 [queued]>
[2026-04-03T12:41:48.812+0000] {taskinstance.py:1956} INFO - Dependencies all met for dep_context=requeueable deps ti=<TaskInstance: iot_streaming_pipeline.data_quality_report scheduled__2026-04-03T12:35:00+00:00 [queued]>
[2026-04-03T12:41:48.815+0000] {taskinstance.py:2170} INFO - Starting attempt 1 of 3
[2026-04-03T12:41:48.907+0000] {taskinstance.py:2191} INFO - Executing <Task(PythonOperator): data_quality_report> on 2026-04-03 12:35:00+00:00
[2026-04-03T12:41:48.936+0000] {standard_task_runner.py:60} INFO - Started process 623 to run task
[2026-04-03T12:41:48.944+0000] {standard_task_runner.py:87} INFO - Running: ['***', 'tasks', 'run', 'iot_streaming_pipeline', 'data_quality_report', 'scheduled__2026-04-03T12:35:00+00:00', '--job-id', '80', '--raw', '--subdir', 'DAGS_FOLDER/iot_pipeline_dag.py', '--cfg-path', '/tmp/tmpxy6sav88']
[2026-04-03T12:41:48.972+0000] {standard_task_runner.py:88} INFO - Job 80: Subtask data_quality_report
[2026-04-03T12:41:49.483+0000] {task_command.py:423} INFO - Running <TaskInstance: iot_streaming_pipeline.data_quality_report scheduled__2026-04-03T12:35:00+00:00 [running]> on host e1f63ebd2327
[2026-04-03T12:41:50.050+0000] {taskinstance.py:2480} INFO - Exporting env vars: AIRFLOW_CTX_DAG_OWNER='achyuth' AIRFLOW_CTX_DAG_ID='iot_streaming_pipeline' AIRFLOW_CTX_TASK_ID='data_quality_report' AIRFLOW_CTX_EXECUTION_DATE='2026-04-03T12:35:00+00:00' AIRFLOW_CTX_TRY_NUMBER='1' AIRFLOW_CTX_DAG_RUN_ID='scheduled__2026-04-03T12:35:00+00:00'
[2026-04-03T12:41:54.558+0000] {connection.py:370} INFO - Snowflake Connector for Python Version: 3.6.0, Python Version: 3.11.8, Platform: Linux-6.6.87.2-microsoft-standard-WSL2-x86_64-with-glibc2.36
[2026-04-03T12:41:54.560+0000] {connection.py:1171} INFO - This connection is in OCSP Fail Open Mode. TLS Certificates would be checked for validity and revocation status. Any other Certificate Revocation related exceptions or OCSP Responder failures would be disregarded in favor of connectivity.
[2026-04-03T12:41:55.631+0000] {cursor.py:1028} INFO - query: [SELECT SUM(TOTAL_CONSUMED)                                        AS total_consu...]
[2026-04-03T12:41:55.857+0000] {cursor.py:1041} INFO - query execution done
[2026-04-03T12:41:55.866+0000] {cursor.py:1205} INFO - Number of results in first chunk: 1
[2026-04-03T12:41:55.869+0000] {iot_pipeline_dag.py:271} INFO - =======================================================
[2026-04-03T12:41:55.871+0000] {iot_pipeline_dag.py:272} INFO - 📊 CUMULATIVE PIPELINE QUALITY REPORT
[2026-04-03T12:41:55.918+0000] {iot_pipeline_dag.py:273} INFO - =======================================================
[2026-04-03T12:41:55.919+0000] {iot_pipeline_dag.py:274} INFO -   Total runs         : 5
[2026-04-03T12:41:55.922+0000] {iot_pipeline_dag.py:275} INFO -   Total consumed     : 2,500
[2026-04-03T12:41:55.975+0000] {iot_pipeline_dag.py:276} INFO -   Total valid        : 2,306
[2026-04-03T12:41:55.978+0000] {iot_pipeline_dag.py:277} INFO -   Total rejected     : 194
[2026-04-03T12:41:56.001+0000] {iot_pipeline_dag.py:278} INFO -   Avg valid %%        : 92.24%%
[2026-04-03T12:41:56.037+0000] {iot_pipeline_dag.py:279} INFO -   Avg rejected %%     : 7.76%%
[2026-04-03T12:41:56.040+0000] {iot_pipeline_dag.py:280} INFO -   Avg records/sec    : 15.43
[2026-04-03T12:41:56.052+0000] {iot_pipeline_dag.py:281} INFO - =======================================================
[2026-04-03T12:41:56.056+0000] {iot_pipeline_dag.py:282} INFO -   ✅ Pipeline maintaining 92.24%% data quality (target: 92%%)
[2026-04-03T12:41:56.059+0000] {cursor.py:1028} INFO - query: [SELECT COUNT(*) FROM IOT_EVENTS]
[2026-04-03T12:41:56.241+0000] {cursor.py:1041} INFO - query execution done
[2026-04-03T12:41:56.255+0000] {cursor.py:1205} INFO - Number of results in first chunk: 1
[2026-04-03T12:41:56.268+0000] {cursor.py:1028} INFO - query: [SELECT COUNT(*) FROM IOT_EVENTS_REJECTED]
[2026-04-03T12:41:56.442+0000] {cursor.py:1041} INFO - query execution done
[2026-04-03T12:41:56.454+0000] {cursor.py:1205} INFO - Number of results in first chunk: 1
[2026-04-03T12:41:56.458+0000] {iot_pipeline_dag.py:294} INFO -   📦 IOT_EVENTS rows        : 2,306
[2026-04-03T12:41:56.470+0000] {iot_pipeline_dag.py:295} INFO -   🗑️  IOT_EVENTS_REJECTED rows: 194
[2026-04-03T12:41:56.476+0000] {connection.py:718} INFO - closed
[2026-04-03T12:41:56.570+0000] {connection.py:724} INFO - No async queries seem to be running, deleting session
[2026-04-03T12:41:56.658+0000] {python.py:201} INFO - Done. Returned value was: None
[2026-04-03T12:41:56.867+0000] {taskinstance.py:1138} INFO - Marking task as SUCCESS. dag_id=iot_streaming_pipeline, task_id=data_quality_report, execution_date=20260403T123500, start_date=20260403T124148, end_date=20260403T124156
[2026-04-03T12:41:57.275+0000] {local_task_job_runner.py:234} INFO - Task exited with return code 0
[2026-04-03T12:41:57.642+0000] {taskinstance.py:3280} INFO - 0 downstream tasks scheduled from follow-on schedule check
