[2026-04-03T12:27:58.804+0000] {taskinstance.py:1956} INFO - Dependencies all met for dep_context=non-requeueable deps ti=<TaskInstance: iot_streaming_pipeline.health_check scheduled__2026-04-03T12:20:00+00:00 [queued]>
[2026-04-03T12:27:58.816+0000] {taskinstance.py:1956} INFO - Dependencies all met for dep_context=requeueable deps ti=<TaskInstance: iot_streaming_pipeline.health_check scheduled__2026-04-03T12:20:00+00:00 [queued]>
[2026-04-03T12:27:58.817+0000] {taskinstance.py:2170} INFO - Starting attempt 1 of 3
[2026-04-03T12:27:58.845+0000] {taskinstance.py:2191} INFO - Executing <Task(PythonOperator): health_check> on 2026-04-03 12:20:00+00:00
[2026-04-03T12:27:58.856+0000] {standard_task_runner.py:60} INFO - Started process 450 to run task
[2026-04-03T12:27:58.864+0000] {standard_task_runner.py:87} INFO - Running: ['***', 'tasks', 'run', 'iot_streaming_pipeline', 'health_check', 'scheduled__2026-04-03T12:20:00+00:00', '--job-id', '71', '--raw', '--subdir', 'DAGS_FOLDER/iot_pipeline_dag.py', '--cfg-path', '/tmp/tmpdy4b_mvf']
[2026-04-03T12:27:58.870+0000] {standard_task_runner.py:88} INFO - Job 71: Subtask health_check
[2026-04-03T12:27:59.067+0000] {task_command.py:423} INFO - Running <TaskInstance: iot_streaming_pipeline.health_check scheduled__2026-04-03T12:20:00+00:00 [running]> on host e1f63ebd2327
[2026-04-03T12:27:59.275+0000] {taskinstance.py:2480} INFO - Exporting env vars: AIRFLOW_CTX_DAG_OWNER='achyuth' AIRFLOW_CTX_DAG_ID='iot_streaming_pipeline' AIRFLOW_CTX_TASK_ID='health_check' AIRFLOW_CTX_EXECUTION_DATE='2026-04-03T12:20:00+00:00' AIRFLOW_CTX_TRY_NUMBER='1' AIRFLOW_CTX_DAG_RUN_ID='scheduled__2026-04-03T12:20:00+00:00'
[2026-04-03T12:28:01.123+0000] {conn.py:400} INFO - <BrokerConnection client_id=kafka-python-2.3.0, node_id=bootstrap-0 host=kafka:29092 <connecting> [IPv4 ('172.18.0.3', 29092)]>: connecting to kafka:29092 [('172.18.0.3', 29092) IPv4]
[2026-04-03T12:28:01.143+0000] {conn.py:622} INFO - <BrokerConnection client_id=kafka-python-2.3.0, node_id=bootstrap-0 host=kafka:29092 <checking_api_versions_recv> [IPv4 ('172.18.0.3', 29092)]>: Broker version identified as 2.6
[2026-04-03T12:28:01.175+0000] {conn.py:461} INFO - <BrokerConnection client_id=kafka-python-2.3.0, node_id=bootstrap-0 host=kafka:29092 <connected> [IPv4 ('172.18.0.3', 29092)]>: Connection complete.
[2026-04-03T12:28:01.186+0000] {consumer.py:131} WARNING - group_id is None: disabling auto-commit.
[2026-04-03T12:28:01.196+0000] {conn.py:951} INFO - <BrokerConnection client_id=kafka-python-2.3.0, node_id=bootstrap-0 host=kafka:29092 <connected> [IPv4 ('172.18.0.3', 29092)]>: Closing connection. 
[2026-04-03T12:28:01.198+0000] {iot_pipeline_dag.py:66} INFO - ✅ Kafka healthy — topics visible: 1
[2026-04-03T12:28:01.203+0000] {connection.py:370} INFO - Snowflake Connector for Python Version: 3.6.0, Python Version: 3.11.8, Platform: Linux-6.6.87.2-microsoft-standard-WSL2-x86_64-with-glibc2.36
[2026-04-03T12:28:01.205+0000] {connection.py:1171} INFO - This connection is in OCSP Fail Open Mode. TLS Certificates would be checked for validity and revocation status. Any other Certificate Revocation related exceptions or OCSP Responder failures would be disregarded in favor of connectivity.
[2026-04-03T12:31:52.797+0000] {connectionpool.py:824} WARNING - Retrying (Retry(total=0, connect=None, read=None, redirect=None, status=None)) after connection broken by 'NewConnectionError('<snowflake.connector.vendored.urllib3.connection.HTTPSConnection object at 0x750c591a11d0>: Failed to establish a new connection: [Errno 111] Connection refused')': /session/v1/login-request?request_id=80255de6-f2c1-42de-8e70-45ebb8cd6c29&databaseName=IOT_PIPELINE_DB&schemaName=RAW&warehouse=COMPUTE_WH&roleName=ACCOUNTADMIN&request_guid=1d290fad-dcc8-4a49-af36-e4857c05c718
[2026-04-03T12:31:59.278+0000] {timeout.py:68} ERROR - Process timed out, PID: 450
[2026-04-03T12:31:59.289+0000] {taskinstance.py:2698} ERROR - Task failed with exception
Traceback (most recent call last):
  File "/home/airflow/.local/lib/python3.11/site-packages/airflow/models/taskinstance.py", line 428, in _execute_task
    result = execute_callable(context=context, **execute_callable_kwargs)
             ^^^^^^^^^^^^^^^^^^^^^^^^^^^^^^^^^^^^^^^^^^^^^^^^^^^^^^^^^^^^
  File "/home/airflow/.local/lib/python3.11/site-packages/airflow/operators/python.py", line 199, in execute
    return_value = self.execute_callable()
                   ^^^^^^^^^^^^^^^^^^^^^^^
  File "/home/airflow/.local/lib/python3.11/site-packages/airflow/operators/python.py", line 216, in execute_callable
    return self.python_callable(*self.op_args, **self.op_kwargs)
           ^^^^^^^^^^^^^^^^^^^^^^^^^^^^^^^^^^^^^^^^^^^^^^^^^^^^^
  File "/opt/airflow/dags/iot_pipeline_dag.py", line 90, in health_check
    raise RuntimeError(f"Health check failed: {errors}")
RuntimeError: Health check failed: ['Snowflake unreachable: Timeout, PID: 450']
[2026-04-03T12:31:59.327+0000] {taskinstance.py:1138} INFO - Marking task as UP_FOR_RETRY. dag_id=iot_streaming_pipeline, task_id=health_check, execution_date=20260403T122000, start_date=20260403T122758, end_date=20260403T123159
[2026-04-03T12:31:59.363+0000] {standard_task_runner.py:107} ERROR - Failed to execute job 71 for task health_check (Health check failed: ['Snowflake unreachable: Timeout, PID: 450']; 450)
[2026-04-03T12:31:59.434+0000] {local_task_job_runner.py:234} INFO - Task exited with return code 1
[2026-04-03T12:31:59.487+0000] {taskinstance.py:3280} INFO - 0 downstream tasks scheduled from follow-on schedule check
