[2026-04-03T12:45:06.733+0000] {taskinstance.py:1956} INFO - Dependencies all met for dep_context=non-requeueable deps ti=<TaskInstance: iot_streaming_pipeline.consume_and_load scheduled__2026-04-03T12:40:00+00:00 [queued]>
[2026-04-03T12:45:06.748+0000] {taskinstance.py:1956} INFO - Dependencies all met for dep_context=requeueable deps ti=<TaskInstance: iot_streaming_pipeline.consume_and_load scheduled__2026-04-03T12:40:00+00:00 [queued]>
[2026-04-03T12:45:06.748+0000] {taskinstance.py:2170} INFO - Starting attempt 1 of 3
[2026-04-03T12:45:06.778+0000] {taskinstance.py:2191} INFO - Executing <Task(PythonOperator): consume_and_load> on 2026-04-03 12:40:00+00:00
[2026-04-03T12:45:06.786+0000] {standard_task_runner.py:60} INFO - Started process 678 to run task
[2026-04-03T12:45:06.791+0000] {standard_task_runner.py:87} INFO - Running: ['***', 'tasks', 'run', 'iot_streaming_pipeline', 'consume_and_load', 'scheduled__2026-04-03T12:40:00+00:00', '--job-id', '86', '--raw', '--subdir', 'DAGS_FOLDER/iot_pipeline_dag.py', '--cfg-path', '/tmp/tmp3xdb6n62']
[2026-04-03T12:45:06.796+0000] {standard_task_runner.py:88} INFO - Job 86: Subtask consume_and_load
[2026-04-03T12:45:06.919+0000] {task_command.py:423} INFO - Running <TaskInstance: iot_streaming_pipeline.consume_and_load scheduled__2026-04-03T12:40:00+00:00 [running]> on host e1f63ebd2327
[2026-04-03T12:45:07.139+0000] {taskinstance.py:2480} INFO - Exporting env vars: AIRFLOW_CTX_DAG_OWNER='achyuth' AIRFLOW_CTX_DAG_ID='iot_streaming_pipeline' AIRFLOW_CTX_TASK_ID='consume_and_load' AIRFLOW_CTX_EXECUTION_DATE='2026-04-03T12:40:00+00:00' AIRFLOW_CTX_TRY_NUMBER='1' AIRFLOW_CTX_DAG_RUN_ID='scheduled__2026-04-03T12:40:00+00:00'
[2026-04-03T12:45:08.750+0000] {connection.py:370} INFO - Snowflake Connector for Python Version: 3.6.0, Python Version: 3.11.8, Platform: Linux-6.6.87.2-microsoft-standard-WSL2-x86_64-with-glibc2.36
[2026-04-03T12:45:08.751+0000] {connection.py:1171} INFO - This connection is in OCSP Fail Open Mode. TLS Certificates would be checked for validity and revocation status. Any other Certificate Revocation related exceptions or OCSP Responder failures would be disregarded in favor of connectivity.
[2026-04-03T12:45:09.031+0000] {loader.py:50} INFO - ✅ Snowflake connection established
[2026-04-03T12:45:09.032+0000] {cursor.py:1028} INFO - query: [SHOW TABLES IN SCHEMA IOT_PIPELINE_DB.RAW]
[2026-04-03T12:45:09.140+0000] {cursor.py:1041} INFO - query execution done
[2026-04-03T12:45:09.143+0000] {cursor.py:1205} INFO - Number of results in first chunk: 3
[2026-04-03T12:45:09.145+0000] {loader.py:74} INFO - ✅ All Snowflake tables verified: {'IOT_EVENTS_REJECTED', 'PIPELINE_METRICS', 'IOT_EVENTS'}
[2026-04-03T12:45:09.149+0000] {conn.py:400} INFO - <BrokerConnection client_id=kafka-python-2.3.0, node_id=bootstrap-0 host=kafka:29092 <connecting> [IPv4 ('172.18.0.3', 29092)]>: connecting to kafka:29092 [('172.18.0.3', 29092) IPv4]
[2026-04-03T12:45:09.154+0000] {conn.py:622} INFO - <BrokerConnection client_id=kafka-python-2.3.0, node_id=bootstrap-0 host=kafka:29092 <checking_api_versions_recv> [IPv4 ('172.18.0.3', 29092)]>: Broker version identified as 2.6
[2026-04-03T12:45:09.155+0000] {conn.py:461} INFO - <BrokerConnection client_id=kafka-python-2.3.0, node_id=bootstrap-0 host=kafka:29092 <connected> [IPv4 ('172.18.0.3', 29092)]>: Connection complete.
[2026-04-03T12:45:09.157+0000] {subscription_state.py:181} INFO - Updating subscribed topics to: ('iot-sensor-events',)
[2026-04-03T12:45:09.158+0000] {iot_pipeline_dag.py:134} INFO - 🚀 Starting consume loop — batch_id: af89393b... | reading for 60s | max: 500 records
[2026-04-03T12:45:09.162+0000] {conn.py:400} INFO - <BrokerConnection client_id=kafka-python-2.3.0, node_id=1 host=kafka:29092 <connecting> [IPv4 ('172.18.0.3', 29092)]>: connecting to kafka:29092 [('172.18.0.3', 29092) IPv4]
[2026-04-03T12:45:09.164+0000] {conn.py:461} INFO - <BrokerConnection client_id=kafka-python-2.3.0, node_id=1 host=kafka:29092 <connected> [IPv4 ('172.18.0.3', 29092)]>: Connection complete.
[2026-04-03T12:45:09.165+0000] {conn.py:951} INFO - <BrokerConnection client_id=kafka-python-2.3.0, node_id=bootstrap-0 host=kafka:29092 <connected> [IPv4 ('172.18.0.3', 29092)]>: Closing connection. 
[2026-04-03T12:45:09.269+0000] {cluster.py:403} INFO - Coordinator for group/***-pipeline-group is ('coordinator-1', 'kafka', 29092, None)
[2026-04-03T12:45:09.270+0000] {base.py:835} INFO - Discovered coordinator coordinator-1 for group ***-pipeline-group
[2026-04-03T12:45:09.271+0000] {base.py:895} INFO - Starting new heartbeat thread
[2026-04-03T12:45:09.273+0000] {consumer.py:379} INFO - Revoking previously assigned partitions () for group ***-pipeline-group
[2026-04-03T12:45:09.275+0000] {base.py:433} INFO - Failed to join group ***-pipeline-group: NodeNotReadyError: coordinator-1
[2026-04-03T12:45:09.279+0000] {conn.py:400} INFO - <BrokerConnection client_id=kafka-python-2.3.0, node_id=coordinator-1 host=kafka:29092 <connecting> [IPv4 ('172.18.0.3', 29092)]>: connecting to kafka:29092 [('172.18.0.3', 29092) IPv4]
[2026-04-03T12:45:09.281+0000] {conn.py:461} INFO - <BrokerConnection client_id=kafka-python-2.3.0, node_id=coordinator-1 host=kafka:29092 <connected> [IPv4 ('172.18.0.3', 29092)]>: Connection complete.
[2026-04-03T12:45:09.386+0000] {base.py:546} INFO - (Re-)joining group ***-pipeline-group
[2026-04-03T12:45:09.390+0000] {base.py:661} INFO - Received member id kafka-python-2.3.0-78ea29da-4e90-4b75-9cfd-2f883e15105c for group ***-pipeline-group; will retry join-group
[2026-04-03T12:45:09.392+0000] {base.py:433} INFO - Failed to join group ***-pipeline-group: [Error 79] MemberIdRequiredError
[2026-04-03T12:45:09.393+0000] {base.py:546} INFO - (Re-)joining group ***-pipeline-group
[2026-04-03T12:45:12.399+0000] {base.py:617} INFO - Successfully joined group ***-pipeline-group <Generation 15 (member_id: kafka-python-2.3.0-78ea29da-4e90-4b75-9cfd-2f883e15105c, protocol: range)>
[2026-04-03T12:45:12.400+0000] {base.py:619} INFO - Elected group leader -- performing partition assignments using range
[2026-04-03T12:45:12.409+0000] {subscription_state.py:254} INFO - Updated partition assignment: [('iot-sensor-events', 0), ('iot-sensor-events', 1), ('iot-sensor-events', 2)]
[2026-04-03T12:45:12.412+0000] {consumer.py:260} INFO - Setting newly assigned partitions (('iot-sensor-events', 0), ('iot-sensor-events', 1), ('iot-sensor-events', 2)) for group ***-pipeline-group
[2026-04-03T12:45:12.706+0000] {cursor.py:1028} INFO - query: [INSERT INTO IOT_EVENTS ( EVENT_ID, MACHINE_ID, MACHINE_TYPE, EVENT_TIMESTAMP, AI...]
[2026-04-03T12:45:13.144+0000] {cursor.py:1041} INFO - query execution done
[2026-04-03T12:45:13.146+0000] {cursor.py:1028} INFO - query: [COMMIT]
[2026-04-03T12:45:13.230+0000] {cursor.py:1041} INFO - query execution done
[2026-04-03T12:45:13.233+0000] {cursor.py:1205} INFO - Number of results in first chunk: 1
[2026-04-03T12:45:13.234+0000] {loader.py:130} INFO - ✅ Inserted 100 valid events (batch: af89393b...)
[2026-04-03T12:45:13.286+0000] {cursor.py:1028} INFO - query: [INSERT INTO IOT_EVENTS ( EVENT_ID, MACHINE_ID, MACHINE_TYPE, EVENT_TIMESTAMP, AI...]
[2026-04-03T12:45:13.787+0000] {cursor.py:1041} INFO - query execution done
[2026-04-03T12:45:13.790+0000] {cursor.py:1028} INFO - query: [COMMIT]
[2026-04-03T12:45:13.866+0000] {cursor.py:1041} INFO - query execution done
[2026-04-03T12:45:13.868+0000] {cursor.py:1205} INFO - Number of results in first chunk: 1
[2026-04-03T12:45:13.868+0000] {loader.py:130} INFO - ✅ Inserted 100 valid events (batch: af89393b...)
[2026-04-03T12:45:13.933+0000] {cursor.py:1028} INFO - query: [INSERT INTO IOT_EVENTS ( EVENT_ID, MACHINE_ID, MACHINE_TYPE, EVENT_TIMESTAMP, AI...]
[2026-04-03T12:45:14.395+0000] {cursor.py:1041} INFO - query execution done
[2026-04-03T12:45:14.397+0000] {cursor.py:1028} INFO - query: [COMMIT]
[2026-04-03T12:45:14.555+0000] {cursor.py:1041} INFO - query execution done
[2026-04-03T12:45:14.556+0000] {cursor.py:1205} INFO - Number of results in first chunk: 1
[2026-04-03T12:45:14.557+0000] {loader.py:130} INFO - ✅ Inserted 100 valid events (batch: af89393b...)
[2026-04-03T12:45:14.624+0000] {cursor.py:1028} INFO - query: [INSERT INTO IOT_EVENTS ( EVENT_ID, MACHINE_ID, MACHINE_TYPE, EVENT_TIMESTAMP, AI...]
[2026-04-03T12:45:15.486+0000] {cursor.py:1041} INFO - query execution done
[2026-04-03T12:45:15.488+0000] {cursor.py:1028} INFO - query: [COMMIT]
[2026-04-03T12:45:15.584+0000] {cursor.py:1041} INFO - query execution done
[2026-04-03T12:45:15.585+0000] {cursor.py:1205} INFO - Number of results in first chunk: 1
[2026-04-03T12:45:15.586+0000] {loader.py:130} INFO - ✅ Inserted 100 valid events (batch: af89393b...)
[2026-04-03T12:45:15.646+0000] {cursor.py:1028} INFO - query: [INSERT INTO IOT_EVENTS ( EVENT_ID, MACHINE_ID, MACHINE_TYPE, EVENT_TIMESTAMP, AI...]
[2026-04-03T12:45:15.989+0000] {cursor.py:1041} INFO - query execution done
[2026-04-03T12:45:15.991+0000] {cursor.py:1028} INFO - query: [COMMIT]
[2026-04-03T12:45:16.250+0000] {cursor.py:1041} INFO - query execution done
[2026-04-03T12:45:16.252+0000] {cursor.py:1205} INFO - Number of results in first chunk: 1
[2026-04-03T12:45:16.253+0000] {loader.py:130} INFO - ✅ Inserted 70 valid events (batch: af89393b...)
[2026-04-03T12:45:16.255+0000] {cursor.py:1028} INFO - query: [INSERT INTO IOT_EVENTS_REJECTED ( EVENT_ID, MACHINE_ID, RAW_PAYLOAD, ERROR_CODE,...]
[2026-04-03T12:45:16.570+0000] {cursor.py:1041} INFO - query execution done
[2026-04-03T12:45:16.571+0000] {cursor.py:1028} INFO - query: [INSERT INTO IOT_EVENTS_REJECTED ( EVENT_ID, MACHINE_ID, RAW_PAYLOAD, ERROR_CODE,...]
[2026-04-03T12:45:16.897+0000] {cursor.py:1041} INFO - query execution done
[2026-04-03T12:45:16.898+0000] {cursor.py:1028} INFO - query: [INSERT INTO IOT_EVENTS_REJECTED ( EVENT_ID, MACHINE_ID, RAW_PAYLOAD, ERROR_CODE,...]
[2026-04-03T12:45:17.239+0000] {cursor.py:1041} INFO - query execution done
[2026-04-03T12:45:17.246+0000] {cursor.py:1028} INFO - query: [INSERT INTO IOT_EVENTS_REJECTED ( EVENT_ID, MACHINE_ID, RAW_PAYLOAD, ERROR_CODE,...]
[2026-04-03T12:45:17.604+0000] {cursor.py:1041} INFO - query execution done
[2026-04-03T12:45:17.606+0000] {cursor.py:1028} INFO - query: [INSERT INTO IOT_EVENTS_REJECTED ( EVENT_ID, MACHINE_ID, RAW_PAYLOAD, ERROR_CODE,...]
[2026-04-03T12:45:18.003+0000] {cursor.py:1041} INFO - query execution done
[2026-04-03T12:45:18.004+0000] {cursor.py:1028} INFO - query: [INSERT INTO IOT_EVENTS_REJECTED ( EVENT_ID, MACHINE_ID, RAW_PAYLOAD, ERROR_CODE,...]
[2026-04-03T12:45:18.333+0000] {cursor.py:1041} INFO - query execution done
[2026-04-03T12:45:18.334+0000] {cursor.py:1028} INFO - query: [INSERT INTO IOT_EVENTS_REJECTED ( EVENT_ID, MACHINE_ID, RAW_PAYLOAD, ERROR_CODE,...]
[2026-04-03T12:45:18.663+0000] {cursor.py:1041} INFO - query execution done
[2026-04-03T12:45:18.664+0000] {cursor.py:1028} INFO - query: [INSERT INTO IOT_EVENTS_REJECTED ( EVENT_ID, MACHINE_ID, RAW_PAYLOAD, ERROR_CODE,...]
[2026-04-03T12:45:19.033+0000] {cursor.py:1041} INFO - query execution done
[2026-04-03T12:45:19.034+0000] {cursor.py:1028} INFO - query: [INSERT INTO IOT_EVENTS_REJECTED ( EVENT_ID, MACHINE_ID, RAW_PAYLOAD, ERROR_CODE,...]
[2026-04-03T12:45:19.384+0000] {cursor.py:1041} INFO - query execution done
[2026-04-03T12:45:19.385+0000] {cursor.py:1028} INFO - query: [INSERT INTO IOT_EVENTS_REJECTED ( EVENT_ID, MACHINE_ID, RAW_PAYLOAD, ERROR_CODE,...]
[2026-04-03T12:45:19.769+0000] {cursor.py:1041} INFO - query execution done
[2026-04-03T12:45:19.771+0000] {cursor.py:1028} INFO - query: [INSERT INTO IOT_EVENTS_REJECTED ( EVENT_ID, MACHINE_ID, RAW_PAYLOAD, ERROR_CODE,...]
[2026-04-03T12:45:20.053+0000] {cursor.py:1041} INFO - query execution done
[2026-04-03T12:45:20.057+0000] {cursor.py:1028} INFO - query: [INSERT INTO IOT_EVENTS_REJECTED ( EVENT_ID, MACHINE_ID, RAW_PAYLOAD, ERROR_CODE,...]
[2026-04-03T12:45:20.344+0000] {cursor.py:1041} INFO - query execution done
[2026-04-03T12:45:20.346+0000] {cursor.py:1028} INFO - query: [INSERT INTO IOT_EVENTS_REJECTED ( EVENT_ID, MACHINE_ID, RAW_PAYLOAD, ERROR_CODE,...]
[2026-04-03T12:45:20.652+0000] {cursor.py:1041} INFO - query execution done
[2026-04-03T12:45:20.653+0000] {cursor.py:1028} INFO - query: [INSERT INTO IOT_EVENTS_REJECTED ( EVENT_ID, MACHINE_ID, RAW_PAYLOAD, ERROR_CODE,...]
[2026-04-03T12:45:21.013+0000] {cursor.py:1041} INFO - query execution done
[2026-04-03T12:45:21.015+0000] {cursor.py:1028} INFO - query: [INSERT INTO IOT_EVENTS_REJECTED ( EVENT_ID, MACHINE_ID, RAW_PAYLOAD, ERROR_CODE,...]
[2026-04-03T12:45:21.357+0000] {cursor.py:1041} INFO - query execution done
[2026-04-03T12:45:21.358+0000] {cursor.py:1028} INFO - query: [INSERT INTO IOT_EVENTS_REJECTED ( EVENT_ID, MACHINE_ID, RAW_PAYLOAD, ERROR_CODE,...]
[2026-04-03T12:45:22.087+0000] {cursor.py:1041} INFO - query execution done
[2026-04-03T12:45:22.089+0000] {cursor.py:1028} INFO - query: [INSERT INTO IOT_EVENTS_REJECTED ( EVENT_ID, MACHINE_ID, RAW_PAYLOAD, ERROR_CODE,...]
[2026-04-03T12:45:23.101+0000] {cursor.py:1041} INFO - query execution done
[2026-04-03T12:45:23.103+0000] {cursor.py:1028} INFO - query: [INSERT INTO IOT_EVENTS_REJECTED ( EVENT_ID, MACHINE_ID, RAW_PAYLOAD, ERROR_CODE,...]
[2026-04-03T12:45:23.363+0000] {cursor.py:1041} INFO - query execution done
[2026-04-03T12:45:23.365+0000] {cursor.py:1028} INFO - query: [INSERT INTO IOT_EVENTS_REJECTED ( EVENT_ID, MACHINE_ID, RAW_PAYLOAD, ERROR_CODE,...]
[2026-04-03T12:45:23.819+0000] {cursor.py:1041} INFO - query execution done
[2026-04-03T12:45:23.821+0000] {cursor.py:1028} INFO - query: [INSERT INTO IOT_EVENTS_REJECTED ( EVENT_ID, MACHINE_ID, RAW_PAYLOAD, ERROR_CODE,...]
[2026-04-03T12:45:24.134+0000] {cursor.py:1041} INFO - query execution done
[2026-04-03T12:45:24.135+0000] {cursor.py:1028} INFO - query: [INSERT INTO IOT_EVENTS_REJECTED ( EVENT_ID, MACHINE_ID, RAW_PAYLOAD, ERROR_CODE,...]
[2026-04-03T12:45:24.453+0000] {cursor.py:1041} INFO - query execution done
[2026-04-03T12:45:24.454+0000] {cursor.py:1028} INFO - query: [INSERT INTO IOT_EVENTS_REJECTED ( EVENT_ID, MACHINE_ID, RAW_PAYLOAD, ERROR_CODE,...]
[2026-04-03T12:45:24.736+0000] {cursor.py:1041} INFO - query execution done
[2026-04-03T12:45:24.738+0000] {cursor.py:1028} INFO - query: [INSERT INTO IOT_EVENTS_REJECTED ( EVENT_ID, MACHINE_ID, RAW_PAYLOAD, ERROR_CODE,...]
[2026-04-03T12:45:25.067+0000] {cursor.py:1041} INFO - query execution done
[2026-04-03T12:45:25.068+0000] {cursor.py:1028} INFO - query: [INSERT INTO IOT_EVENTS_REJECTED ( EVENT_ID, MACHINE_ID, RAW_PAYLOAD, ERROR_CODE,...]
[2026-04-03T12:45:25.499+0000] {cursor.py:1041} INFO - query execution done
[2026-04-03T12:45:25.501+0000] {cursor.py:1028} INFO - query: [INSERT INTO IOT_EVENTS_REJECTED ( EVENT_ID, MACHINE_ID, RAW_PAYLOAD, ERROR_CODE,...]
[2026-04-03T12:45:25.811+0000] {cursor.py:1041} INFO - query execution done
[2026-04-03T12:45:25.812+0000] {cursor.py:1028} INFO - query: [INSERT INTO IOT_EVENTS_REJECTED ( EVENT_ID, MACHINE_ID, RAW_PAYLOAD, ERROR_CODE,...]
[2026-04-03T12:45:26.221+0000] {cursor.py:1041} INFO - query execution done
[2026-04-03T12:45:26.228+0000] {cursor.py:1028} INFO - query: [INSERT INTO IOT_EVENTS_REJECTED ( EVENT_ID, MACHINE_ID, RAW_PAYLOAD, ERROR_CODE,...]
[2026-04-03T12:45:26.540+0000] {cursor.py:1041} INFO - query execution done
[2026-04-03T12:45:26.541+0000] {cursor.py:1028} INFO - query: [INSERT INTO IOT_EVENTS_REJECTED ( EVENT_ID, MACHINE_ID, RAW_PAYLOAD, ERROR_CODE,...]
[2026-04-03T12:45:26.907+0000] {cursor.py:1041} INFO - query execution done
[2026-04-03T12:45:26.908+0000] {cursor.py:1028} INFO - query: [INSERT INTO IOT_EVENTS_REJECTED ( EVENT_ID, MACHINE_ID, RAW_PAYLOAD, ERROR_CODE,...]
[2026-04-03T12:45:27.244+0000] {cursor.py:1041} INFO - query execution done
[2026-04-03T12:45:27.246+0000] {cursor.py:1028} INFO - query: [INSERT INTO IOT_EVENTS_REJECTED ( EVENT_ID, MACHINE_ID, RAW_PAYLOAD, ERROR_CODE,...]
[2026-04-03T12:45:27.526+0000] {cursor.py:1041} INFO - query execution done
[2026-04-03T12:45:27.529+0000] {cursor.py:1028} INFO - query: [COMMIT]
[2026-04-03T12:45:27.598+0000] {cursor.py:1041} INFO - query execution done
[2026-04-03T12:45:27.599+0000] {cursor.py:1205} INFO - Number of results in first chunk: 1
[2026-04-03T12:45:27.600+0000] {loader.py:183} INFO - ⚠️  Inserted 30 rejected events (batch: af89393b...)
[2026-04-03T12:45:27.601+0000] {connection.py:718} INFO - closed
[2026-04-03T12:45:27.642+0000] {connection.py:724} INFO - No async queries seem to be running, deleting session
[2026-04-03T12:45:27.687+0000] {loader.py:56} INFO - Snowflake connection closed
[2026-04-03T12:45:27.693+0000] {base.py:1130} INFO - Stopping heartbeat thread
[2026-04-03T12:45:27.695+0000] {base.py:943} INFO - Leaving consumer group ***-pipeline-group (member kafka-python-2.3.0-78ea29da-4e90-4b75-9cfd-2f883e15105c).
[2026-04-03T12:45:27.701+0000] {base.py:961} INFO - LeaveGroup request for group ***-pipeline-group returned successfully
[2026-04-03T12:45:27.702+0000] {conn.py:951} INFO - <BrokerConnection client_id=kafka-python-2.3.0, node_id=1 host=kafka:29092 <connected> [IPv4 ('172.18.0.3', 29092)]>: Closing connection. 
[2026-04-03T12:45:27.704+0000] {conn.py:951} INFO - <BrokerConnection client_id=kafka-python-2.3.0, node_id=coordinator-1 host=kafka:29092 <connected> [IPv4 ('172.18.0.3', 29092)]>: Closing connection. 
[2026-04-03T12:45:27.707+0000] {iot_pipeline_dag.py:196} INFO - ✅ Consume complete — consumed: 500 | valid: 470 | rejected: 30 | rate: 27.0/sec
[2026-04-03T12:45:27.739+0000] {python.py:201} INFO - Done. Returned value was: {'batch_id': 'af89393b-f114-48f1-a49c-94acd6124cf9', 'total_consumed': 500, 'total_valid': 470, 'total_rejected': 30, 'records_per_sec': 26.96, 'elapsed_sec': 18.55}
[2026-04-03T12:45:27.791+0000] {taskinstance.py:1138} INFO - Marking task as SUCCESS. dag_id=iot_streaming_pipeline, task_id=consume_and_load, execution_date=20260403T124000, start_date=20260403T124506, end_date=20260403T124527
[2026-04-03T12:45:27.863+0000] {local_task_job_runner.py:234} INFO - Task exited with return code 0
[2026-04-03T12:45:27.904+0000] {taskinstance.py:3280} INFO - 1 downstream tasks scheduled from follow-on schedule check
