[2026-04-03T05:59:26.810+0000] {taskinstance.py:1956} INFO - Dependencies all met for dep_context=non-requeueable deps ti=<TaskInstance: iot_streaming_pipeline.health_check manual__2026-04-03T05:59:20.676153+00:00 [queued]>
[2026-04-03T05:59:26.899+0000] {taskinstance.py:1956} INFO - Dependencies all met for dep_context=requeueable deps ti=<TaskInstance: iot_streaming_pipeline.health_check manual__2026-04-03T05:59:20.676153+00:00 [queued]>
[2026-04-03T05:59:26.900+0000] {taskinstance.py:2170} INFO - Starting attempt 1 of 3
[2026-04-03T05:59:26.990+0000] {taskinstance.py:2191} INFO - Executing <Task(PythonOperator): health_check> on 2026-04-03 05:59:20.676153+00:00
[2026-04-03T05:59:27.084+0000] {standard_task_runner.py:60} INFO - Started process 211 to run task
[2026-04-03T05:59:27.307+0000] {standard_task_runner.py:87} INFO - Running: ['***', 'tasks', 'run', 'iot_streaming_pipeline', 'health_check', 'manual__2026-04-03T05:59:20.676153+00:00', '--job-id', '19', '--raw', '--subdir', 'DAGS_FOLDER/iot_pipeline_dag.py', '--cfg-path', '/tmp/tmpngctvc69']
[2026-04-03T05:59:27.446+0000] {standard_task_runner.py:88} INFO - Job 19: Subtask health_check
[2026-04-03T05:59:29.276+0000] {task_command.py:423} INFO - Running <TaskInstance: iot_streaming_pipeline.health_check manual__2026-04-03T05:59:20.676153+00:00 [running]> on host ccce2c46cc0d
[2026-04-03T05:59:31.235+0000] {taskinstance.py:2480} INFO - Exporting env vars: AIRFLOW_CTX_DAG_OWNER='achyuth' AIRFLOW_CTX_DAG_ID='iot_streaming_pipeline' AIRFLOW_CTX_TASK_ID='health_check' AIRFLOW_CTX_EXECUTION_DATE='2026-04-03T05:59:20.676153+00:00' AIRFLOW_CTX_TRY_NUMBER='1' AIRFLOW_CTX_DAG_RUN_ID='manual__2026-04-03T05:59:20.676153+00:00'
[2026-04-03T05:59:39.545+0000] {conn.py:400} INFO - <BrokerConnection client_id=kafka-python-2.3.0, node_id=bootstrap-0 host=kafka:29092 <connecting> [IPv4 ('172.18.0.8', 29092)]>: connecting to kafka:29092 [('172.18.0.8', 29092) IPv4]
[2026-04-03T05:59:39.561+0000] {conn.py:622} INFO - <BrokerConnection client_id=kafka-python-2.3.0, node_id=bootstrap-0 host=kafka:29092 <checking_api_versions_recv> [IPv4 ('172.18.0.8', 29092)]>: Broker version identified as 2.6
[2026-04-03T05:59:39.562+0000] {conn.py:461} INFO - <BrokerConnection client_id=kafka-python-2.3.0, node_id=bootstrap-0 host=kafka:29092 <connected> [IPv4 ('172.18.0.8', 29092)]>: Connection complete.
[2026-04-03T05:59:39.568+0000] {consumer.py:131} WARNING - group_id is None: disabling auto-commit.
[2026-04-03T05:59:39.576+0000] {conn.py:951} INFO - <BrokerConnection client_id=kafka-python-2.3.0, node_id=bootstrap-0 host=kafka:29092 <connected> [IPv4 ('172.18.0.8', 29092)]>: Closing connection. 
[2026-04-03T05:59:39.577+0000] {iot_pipeline_dag.py:66} INFO - ✅ Kafka healthy — topics visible: 1
[2026-04-03T05:59:39.577+0000] {connection.py:370} INFO - Snowflake Connector for Python Version: 3.6.0, Python Version: 3.11.8, Platform: Linux-6.6.87.2-microsoft-standard-WSL2-x86_64-with-glibc2.36
[2026-04-03T05:59:39.578+0000] {connection.py:1171} INFO - This connection is in OCSP Fail Open Mode. TLS Certificates would be checked for validity and revocation status. Any other Certificate Revocation related exceptions or OCSP Responder failures would be disregarded in favor of connectivity.
[2026-04-03T05:59:40.454+0000] {taskinstance.py:2698} ERROR - Task failed with exception
Traceback (most recent call last):
  File "/home/airflow/.local/lib/python3.11/site-packages/airflow/models/taskinstance.py", line 428, in _execute_task
    result = execute_callable(context=context, **execute_callable_kwargs)
             ^^^^^^^^^^^^^^^^^^^^^^^^^^^^^^^^^^^^^^^^^^^^^^^^^^^^^^^^^^^^
  File "/home/airflow/.local/lib/python3.11/site-packages/airflow/operators/python.py", line 199, in execute
    return_value = self.execute_callable()
                   ^^^^^^^^^^^^^^^^^^^^^^^
  File "/home/airflow/.local/lib/python3.11/site-packages/airflow/operators/python.py", line 216, in execute_callable
    return self.python_callable(*self.op_args, **self.op_kwargs)
           ^^^^^^^^^^^^^^^^^^^^^^^^^^^^^^^^^^^^^^^^^^^^^^^^^^^^^
  File "/opt/airflow/dags/iot_pipeline_dag.py", line 90, in health_check
    raise RuntimeError(f"Health check failed: {errors}")
RuntimeError: Health check failed: ['Snowflake unreachable: 250003 (08001): None: 404 Not Found: post https://your_account_identifier.snowflakecomputing.com:443/session/v1/login-request?request_id=15710262-0014-4b2a-8c84-598c7e9f3d6a&databaseName=IOT_PIPELINE_DB&schemaName=RAW&warehouse=COMPUTE_WH&roleName=ACCOUNTADMIN&request_guid=12a60aef-fcd5-47ca-8bac-a9c4a9bfab77']
[2026-04-03T05:59:40.504+0000] {taskinstance.py:1138} INFO - Marking task as UP_FOR_RETRY. dag_id=iot_streaming_pipeline, task_id=health_check, execution_date=20260403T055920, start_date=20260403T055926, end_date=20260403T055940
[2026-04-03T05:59:40.530+0000] {standard_task_runner.py:107} ERROR - Failed to execute job 19 for task health_check (Health check failed: ['Snowflake unreachable: 250003 (08001): None: 404 Not Found: post https://your_account_identifier.snowflakecomputing.com:443/session/v1/login-request?request_id=15710262-0014-4b2a-8c84-598c7e9f3d6a&databaseName=IOT_PIPELINE_DB&schemaName=RAW&warehouse=COMPUTE_WH&roleName=ACCOUNTADMIN&request_guid=12a60aef-fcd5-47ca-8bac-a9c4a9bfab77']; 211)
[2026-04-03T05:59:40.606+0000] {local_task_job_runner.py:234} INFO - Task exited with return code 1
[2026-04-03T05:59:40.703+0000] {taskinstance.py:3280} INFO - 0 downstream tasks scheduled from follow-on schedule check
